  [1m[36m (132.0ms)[0m  [1mDROP DATABASE IF EXISTS "rescue-mission_test"[0m
  [1m[35m (407.0ms)[0m  CREATE DATABASE "rescue-mission_test" ENCODING = 'unicode'
  [1m[36m (37.0ms)[0m  [1mCREATE TABLE "schema_migrations" ("version" character varying NOT NULL) [0m
  [1m[35m (4.8ms)[0m  CREATE UNIQUE INDEX  "unique_schema_migrations" ON "schema_migrations"  ("version")
  [1m[36mActiveRecord::SchemaMigration Load (1.3ms)[0m  [1mSELECT "schema_migrations".* FROM "schema_migrations"[0m
Migrating to DeviseCreateUsers (20150622164911)
  [1m[35m (0.3ms)[0m  BEGIN
DEPRECATION WARNING: `#timestamp` was called without specifying an option for `null`. In Rails 5, this behavior will change to `null: false`. You should manually specify `null: true` to prevent the behavior of your existing migrations from changing. (called from block in change at /Users/Brian/Dropbox/challenges/rescue-mission/db/migrate/20150622164911_devise_create_users.rb:34)
  [1m[36m (21.7ms)[0m  [1mCREATE TABLE "users" ("id" serial primary key, "email" character varying DEFAULT '' NOT NULL, "encrypted_password" character varying DEFAULT '' NOT NULL, "reset_password_token" character varying, "reset_password_sent_at" timestamp, "remember_created_at" timestamp, "sign_in_count" integer DEFAULT 0 NOT NULL, "current_sign_in_at" timestamp, "last_sign_in_at" timestamp, "current_sign_in_ip" inet, "last_sign_in_ip" inet, "created_at" timestamp, "updated_at" timestamp) [0m
  [1m[35m (2.0ms)[0m  CREATE UNIQUE INDEX  "index_users_on_email" ON "users"  ("email")
  [1m[36m (5.1ms)[0m  [1mCREATE UNIQUE INDEX  "index_users_on_reset_password_token" ON "users"  ("reset_password_token")[0m
  [1m[35mSQL (0.6ms)[0m  INSERT INTO "schema_migrations" ("version") VALUES ($1)  [["version", "20150622164911"]]
  [1m[36m (2.5ms)[0m  [1mCOMMIT[0m
Migrating to CreateQuestions (20150622165213)
  [1m[35m (0.6ms)[0m  BEGIN
DEPRECATION WARNING: `#timestamp` was called without specifying an option for `null`. In Rails 5, this behavior will change to `null: false`. You should manually specify `null: true` to prevent the behavior of your existing migrations from changing. (called from block in change at /Users/Brian/Dropbox/challenges/rescue-mission/db/migrate/20150622165213_create_questions.rb:8)
  [1m[36m (4.8ms)[0m  [1mCREATE TABLE "questions" ("id" serial primary key, "title" character varying NOT NULL, "description" text NOT NULL, "user_id" integer NOT NULL, "created_at" timestamp, "updated_at" timestamp) [0m
  [1m[35mSQL (0.3ms)[0m  INSERT INTO "schema_migrations" ("version") VALUES ($1)  [["version", "20150622165213"]]
  [1m[36m (0.7ms)[0m  [1mCOMMIT[0m
  [1m[35mActiveRecord::SchemaMigration Load (0.4ms)[0m  SELECT "schema_migrations".* FROM "schema_migrations"
  [1m[36m (15.4ms)[0m  [1mSELECT t2.oid::regclass::text AS to_table, a1.attname AS column, a2.attname AS primary_key, c.conname AS name, c.confupdtype AS on_update, c.confdeltype AS on_delete
FROM pg_constraint c
JOIN pg_class t1 ON c.conrelid = t1.oid
JOIN pg_class t2 ON c.confrelid = t2.oid
JOIN pg_attribute a1 ON a1.attnum = c.conkey[1] AND a1.attrelid = t1.oid
JOIN pg_attribute a2 ON a2.attnum = c.confkey[1] AND a2.attrelid = t2.oid
JOIN pg_namespace t3 ON c.connamespace = t3.oid
WHERE c.contype = 'f'
  AND t1.relname = 'questions'
  AND t3.nspname = ANY (current_schemas(false))
ORDER BY c.conname
[0m
  [1m[35m (5.5ms)[0m  SELECT t2.oid::regclass::text AS to_table, a1.attname AS column, a2.attname AS primary_key, c.conname AS name, c.confupdtype AS on_update, c.confdeltype AS on_delete
FROM pg_constraint c
JOIN pg_class t1 ON c.conrelid = t1.oid
JOIN pg_class t2 ON c.confrelid = t2.oid
JOIN pg_attribute a1 ON a1.attnum = c.conkey[1] AND a1.attrelid = t1.oid
JOIN pg_attribute a2 ON a2.attnum = c.confkey[1] AND a2.attrelid = t2.oid
JOIN pg_namespace t3 ON c.connamespace = t3.oid
WHERE c.contype = 'f'
  AND t1.relname = 'users'
  AND t3.nspname = ANY (current_schemas(false))
ORDER BY c.conname

  [1m[36m (123.0ms)[0m  [1mDROP DATABASE IF EXISTS "rescue-mission_test"[0m
  [1m[35m (425.0ms)[0m  CREATE DATABASE "rescue-mission_test" ENCODING = 'unicode'
  [1m[36mSQL (2.3ms)[0m  [1mCREATE EXTENSION IF NOT EXISTS "plpgsql"[0m
  [1m[35m (7.7ms)[0m  CREATE TABLE "questions" ("id" serial primary key, "title" character varying NOT NULL, "description" text NOT NULL, "user_id" integer NOT NULL, "created_at" timestamp, "updated_at" timestamp) 
  [1m[36m (5.7ms)[0m  [1mCREATE TABLE "users" ("id" serial primary key, "email" character varying DEFAULT '' NOT NULL, "encrypted_password" character varying DEFAULT '' NOT NULL, "reset_password_token" character varying, "reset_password_sent_at" timestamp, "remember_created_at" timestamp, "sign_in_count" integer DEFAULT 0 NOT NULL, "current_sign_in_at" timestamp, "last_sign_in_at" timestamp, "current_sign_in_ip" inet, "last_sign_in_ip" inet, "created_at" timestamp, "updated_at" timestamp) [0m
  [1m[35m (1.9ms)[0m  CREATE UNIQUE INDEX  "index_users_on_email" ON "users" USING btree ("email")
  [1m[36m (1.4ms)[0m  [1mCREATE UNIQUE INDEX  "index_users_on_reset_password_token" ON "users" USING btree ("reset_password_token")[0m
  [1m[35m (2.6ms)[0m  CREATE TABLE "schema_migrations" ("version" character varying NOT NULL) 
  [1m[36m (1.4ms)[0m  [1mCREATE UNIQUE INDEX  "unique_schema_migrations" ON "schema_migrations"  ("version")[0m
  [1m[35m (0.5ms)[0m  SELECT version FROM "schema_migrations"
  [1m[36m (0.6ms)[0m  [1mINSERT INTO "schema_migrations" (version) VALUES ('20150622165213')[0m
  [1m[35m (0.5ms)[0m  INSERT INTO "schema_migrations" (version) VALUES ('20150622164911')


Started GET "/questions" for ::1 at 2015-06-22 14:13:15 -0400
  [1m[36mActiveRecord::SchemaMigration Load (1.6ms)[0m  [1mSELECT "schema_migrations".* FROM "schema_migrations"[0m
Processing by QuestionsController#index as HTML
  [1m[35mQuestion Load (1.9ms)[0m  SELECT "questions".* FROM "questions"
Completed 500 Internal Server Error in 28958ms (ActiveRecord: 3.3ms)

SystemExit (exit):
  app/controllers/questions_controller.rb:4:in `exit'
  app/controllers/questions_controller.rb:4:in `index'
  app/controllers/questions_controller.rb:4:in `index'


  Rendered /Users/Brian/.gem/ruby/2.0.0/gems/actionpack-4.2.2/lib/action_dispatch/middleware/templates/rescues/_source.erb (376.8ms)
  Rendered /Users/Brian/.gem/ruby/2.0.0/gems/actionpack-4.2.2/lib/action_dispatch/middleware/templates/rescues/_trace.html.erb (107.2ms)
  Rendered /Users/Brian/.gem/ruby/2.0.0/gems/actionpack-4.2.2/lib/action_dispatch/middleware/templates/rescues/_request_and_response.html.erb (23.2ms)
  Rendered /Users/Brian/.gem/ruby/2.0.0/gems/actionpack-4.2.2/lib/action_dispatch/middleware/templates/rescues/diagnostics.html.erb within rescues/layout (557.4ms)
  Rendered /Users/Brian/.gem/ruby/2.0.0/gems/web-console-2.1.3/lib/web_console/templates/_markup.html.erb (1.6ms)
  Rendered /Users/Brian/.gem/ruby/2.0.0/gems/web-console-2.1.3/lib/web_console/templates/style.css.erb within layouts/inlined_string (1.5ms)
  Rendered /Users/Brian/.gem/ruby/2.0.0/gems/web-console-2.1.3/lib/web_console/templates/_inner_console_markup.html.erb within layouts/inlined_string (1.5ms)
  Rendered /Users/Brian/.gem/ruby/2.0.0/gems/web-console-2.1.3/lib/web_console/templates/_prompt_box_markup.html.erb within layouts/inlined_string (1.2ms)
  Rendered /Users/Brian/.gem/ruby/2.0.0/gems/web-console-2.1.3/lib/web_console/templates/console.js.erb within layouts/javascript (104.0ms)
  Rendered /Users/Brian/.gem/ruby/2.0.0/gems/web-console-2.1.3/lib/web_console/templates/main.js.erb within layouts/javascript (1.3ms)
  Rendered /Users/Brian/.gem/ruby/2.0.0/gems/web-console-2.1.3/lib/web_console/templates/error_page.js.erb within layouts/javascript (1.5ms)
  Rendered /Users/Brian/.gem/ruby/2.0.0/gems/web-console-2.1.3/lib/web_console/templates/index.html.erb (156.9ms)


Started GET "/questions" for ::1 at 2015-06-22 14:16:40 -0400
  [1m[36mActiveRecord::SchemaMigration Load (0.7ms)[0m  [1mSELECT "schema_migrations".* FROM "schema_migrations"[0m
Processing by QuestionsController#index as HTML
  [1m[35mQuestion Load (1.7ms)[0m  SELECT  "questions".* FROM "questions"  ORDER BY "questions"."id" ASC LIMIT 1
  Rendered questions/index.html.erb within layouts/application (25.5ms)
Completed 200 OK in 11189ms (Views: 11177.6ms | ActiveRecord: 8.9ms)


Started GET "/" for ::1 at 2015-06-22 14:17:10 -0400
Processing by HomesController#index as HTML
  Rendered homes/index.html.erb within layouts/application (0.7ms)
Completed 200 OK in 156ms (Views: 155.8ms | ActiveRecord: 0.0ms)


Started GET "/assets/application.self-167193cd81d9330d9ddb5c4ec7b44214fea529aa8a94f3a86e6526e4f652fc02.css?body=1" for ::1 at 2015-06-22 14:17:11 -0400


Started GET "/assets/foundation/foundation.self-830ea1c8c77bc6df1ef936612b213ec314ab3f2c08b2fca37d12f27123599dcd.js?body=1" for ::1 at 2015-06-22 14:17:11 -0400


Started GET "/assets/foundation/foundation.abide.self-14d1119886db0d260f10114ae33f33ec1e76f09abb5eac77c7d392ca1ce27aaf.js?body=1" for ::1 at 2015-06-22 14:17:11 -0400


Started GET "/assets/foundation_and_overrides.self-abc4def05cdfd072a864560f7d30abb82168baf19224baeb8e17ecec829be2d8.css?body=1" for ::1 at 2015-06-22 14:17:11 -0400


Started GET "/assets/foundation/foundation.accordion.self-791df0f92b5f9733058e009aa29c58c3c88465c52b98ad3c2912dd27dc4b9572.js?body=1" for ::1 at 2015-06-22 14:17:11 -0400


Started GET "/assets/foundation/foundation.alert.self-8e38bef2cbea3ec43e8de086ad0f73079662c3330d3eec2ace9029a5b8f6f4c2.js?body=1" for ::1 at 2015-06-22 14:17:11 -0400


Started GET "/assets/foundation/foundation.clearing.self-e68714c816093dc6b9e24ac9545c9795b610d6c8fe1613656e1fd57b577c4901.js?body=1" for ::1 at 2015-06-22 14:17:11 -0400


Started GET "/assets/foundation/foundation.dropdown.self-dab213f1ddc805a7461a1768832f6399699dd2c87130b4cda9d49dbf67749e3f.js?body=1" for ::1 at 2015-06-22 14:17:11 -0400


Started GET "/assets/foundation/foundation.interchange.self-ef61c6af9edf0954e9db13d91fedb47fe753c9fa7dffc9fb53db6685d11bbc94.js?body=1" for ::1 at 2015-06-22 14:17:11 -0400


Started GET "/assets/foundation/foundation.joyride.self-be288b3f53d49bcb5d62da877f5cacda819e6563dad2756aa05fd457b4d679b1.js?body=1" for ::1 at 2015-06-22 14:17:11 -0400


Started GET "/assets/foundation/foundation.magellan.self-8b41cd13a988c713cda9ac7209ce925705c76377afbe9be10942a17afc9613fb.js?body=1" for ::1 at 2015-06-22 14:17:11 -0400


Started GET "/assets/foundation/foundation.offcanvas.self-f7b8844a82cd487d6dbcdf779eb58aad572e22aa24aab881172c6a5cc5fde916.js?body=1" for ::1 at 2015-06-22 14:17:11 -0400


Started GET "/assets/foundation/foundation.orbit.self-7111fa263c9b4d5e78bc6674d715d2e1432e01bf88b7d04ce601dfe11caf2308.js?body=1" for ::1 at 2015-06-22 14:17:11 -0400


Started GET "/assets/foundation/foundation.reveal.self-5a0a77db519d1fd14aa53891c24b56f20ec106891cd5852abe73251119a1bdf8.js?body=1" for ::1 at 2015-06-22 14:17:11 -0400


Started GET "/assets/foundation/foundation.topbar.self-1de146a9316c7f1e124cecf68084b34bcc515c6284cb6e122fdc4e90b7fd3634.js?body=1" for ::1 at 2015-06-22 14:17:11 -0400


Started GET "/assets/foundation/foundation.slider.self-ea1eb259c6a68133bef9b2e28e90d256da98b298db0543e6be48a05d1becb159.js?body=1" for ::1 at 2015-06-22 14:17:11 -0400


Started GET "/assets/foundation/foundation.tab.self-99d1695338bf0f77c8bca710a4e23f6227be30085956df2e44507d86f67bd706.js?body=1" for ::1 at 2015-06-22 14:17:11 -0400


Started GET "/assets/foundation/foundation.tooltip.self-e9a45f7e9af1ed08e3e7ffb28f658dbda56fad542a974a5eceb1787d65f4c60f.js?body=1" for ::1 at 2015-06-22 14:17:11 -0400


Started GET "/assets/foundation/foundation.equalizer.self-be715cb5824056a2e4295cdbffa2f902202ada977c9c5e62c967d4eafab345e7.js?body=1" for ::1 at 2015-06-22 14:17:11 -0400


Started GET "/assets/foundation.self-abe4ee7a105042f73b12b1f1a28788522d2f253445a475a94ab4d6e1f7b0ec52.js?body=1" for ::1 at 2015-06-22 14:17:11 -0400


Started GET "/assets/application.self-1509cb3433bf7f60a75710bd4d8561d25423676b3c4d4a21914940bf07b8869a.js?body=1" for ::1 at 2015-06-22 14:17:11 -0400


Started GET "/questions" for ::1 at 2015-06-22 14:17:17 -0400
Processing by QuestionsController#index as HTML
  [1m[36mQuestion Load (1.2ms)[0m  [1mSELECT  "questions".* FROM "questions"  ORDER BY "questions"."id" ASC LIMIT 1[0m
  Rendered questions/index.html.erb within layouts/application (2.8ms)
Completed 200 OK in 170ms (Views: 168.2ms | ActiveRecord: 1.2ms)
  [1m[36m (0.3ms)[0m  [1mBEGIN[0m
  [1m[35mSQL (9.5ms)[0m  INSERT INTO "questions" ("title", "description", "user_id", "created_at", "updated_at") VALUES ($1, $2, $3, $4, $5) RETURNING "id"  [["title", "fdfv"], ["description", "fdvfd"], ["user_id", 1], ["created_at", "2015-06-22 18:21:30.001996"], ["updated_at", "2015-06-22 18:21:30.001996"]]
  [1m[36m (1.2ms)[0m  [1mCOMMIT[0m
  [1m[36m (135.3ms)[0m  [1mDROP DATABASE IF EXISTS "rescue-mission_test"[0m
  [1m[35m (442.6ms)[0m  CREATE DATABASE "rescue-mission_test" ENCODING = 'unicode'
  [1m[36mSQL (0.6ms)[0m  [1mCREATE EXTENSION IF NOT EXISTS "plpgsql"[0m
  [1m[35m (9.8ms)[0m  CREATE TABLE "questions" ("id" serial primary key, "title" character varying NOT NULL, "description" text NOT NULL, "user_id" integer NOT NULL, "created_at" timestamp, "updated_at" timestamp) 
  [1m[36m (6.4ms)[0m  [1mCREATE TABLE "users" ("id" serial primary key, "email" character varying DEFAULT '' NOT NULL, "encrypted_password" character varying DEFAULT '' NOT NULL, "reset_password_token" character varying, "reset_password_sent_at" timestamp, "remember_created_at" timestamp, "sign_in_count" integer DEFAULT 0 NOT NULL, "current_sign_in_at" timestamp, "last_sign_in_at" timestamp, "current_sign_in_ip" inet, "last_sign_in_ip" inet, "created_at" timestamp, "updated_at" timestamp) [0m
  [1m[35m (4.1ms)[0m  CREATE UNIQUE INDEX  "index_users_on_email" ON "users" USING btree ("email")
  [1m[36m (1.5ms)[0m  [1mCREATE UNIQUE INDEX  "index_users_on_reset_password_token" ON "users" USING btree ("reset_password_token")[0m
  [1m[35m (2.9ms)[0m  CREATE TABLE "schema_migrations" ("version" character varying NOT NULL) 
  [1m[36m (1.5ms)[0m  [1mCREATE UNIQUE INDEX  "unique_schema_migrations" ON "schema_migrations"  ("version")[0m
  [1m[35m (0.6ms)[0m  SELECT version FROM "schema_migrations"
  [1m[36m (0.8ms)[0m  [1mINSERT INTO "schema_migrations" (version) VALUES ('20150622165213')[0m
  [1m[35m (0.6ms)[0m  INSERT INTO "schema_migrations" (version) VALUES ('20150622164911')


Started GET "/questions" for ::1 at 2015-06-22 14:27:07 -0400
  [1m[36mActiveRecord::SchemaMigration Load (1.1ms)[0m  [1mSELECT "schema_migrations".* FROM "schema_migrations"[0m
Processing by QuestionsController#index as HTML
  [1m[35mQuestion Load (0.8ms)[0m  SELECT "questions".* FROM "questions"
  Rendered questions/index.html.erb within layouts/application (19.7ms)
Completed 200 OK in 820ms (Views: 809.4ms | ActiveRecord: 7.6ms)
  [1m[36mQuestion Load (1.0ms)[0m  [1mSELECT "questions".* FROM "questions"[0m
  [1m[35m (0.7ms)[0m  SELECT COUNT(*) FROM "questions"


Started GET "/questions" for ::1 at 2015-06-22 16:51:13 -0400
  [1m[36mActiveRecord::SchemaMigration Load (1.1ms)[0m  [1mSELECT "schema_migrations".* FROM "schema_migrations"[0m
Processing by QuestionsController#index as HTML
  [1m[35mQuestion Load (0.8ms)[0m  SELECT "questions".* FROM "questions"
  Rendered questions/index.html.erb within layouts/application (1.9ms)
Completed 200 OK in 957ms (Views: 938.3ms | ActiveRecord: 7.1ms)


Started GET "/assets/foundation_and_overrides.self-abc4def05cdfd072a864560f7d30abb82168baf19224baeb8e17ecec829be2d8.css?body=1" for ::1 at 2015-06-22 16:51:14 -0400


Started GET "/assets/application.self-167193cd81d9330d9ddb5c4ec7b44214fea529aa8a94f3a86e6526e4f652fc02.css?body=1" for ::1 at 2015-06-22 16:51:14 -0400


Started GET "/assets/foundation/foundation.self-830ea1c8c77bc6df1ef936612b213ec314ab3f2c08b2fca37d12f27123599dcd.js?body=1" for ::1 at 2015-06-22 16:51:14 -0400


Started GET "/assets/foundation/foundation.abide.self-14d1119886db0d260f10114ae33f33ec1e76f09abb5eac77c7d392ca1ce27aaf.js?body=1" for ::1 at 2015-06-22 16:51:14 -0400


Started GET "/assets/jquery_ujs.self-ca5248a2fad13d6bd58ea121318d642f195f0b2dd818b30615f785ff365e8d1f.js?body=1" for ::1 at 2015-06-22 16:51:14 -0400


Started GET "/assets/jquery.self-d03a5518f45df77341bdbe6201ba3bfa547ebba8ed64f0ea56bfa5f96ea7c074.js?body=1" for ::1 at 2015-06-22 16:51:14 -0400


Started GET "/assets/foundation/foundation.accordion.self-791df0f92b5f9733058e009aa29c58c3c88465c52b98ad3c2912dd27dc4b9572.js?body=1" for ::1 at 2015-06-22 16:51:14 -0400


Started GET "/assets/foundation/foundation.alert.self-8e38bef2cbea3ec43e8de086ad0f73079662c3330d3eec2ace9029a5b8f6f4c2.js?body=1" for ::1 at 2015-06-22 16:51:14 -0400


Started GET "/assets/foundation/foundation.clearing.self-e68714c816093dc6b9e24ac9545c9795b610d6c8fe1613656e1fd57b577c4901.js?body=1" for ::1 at 2015-06-22 16:51:14 -0400


Started GET "/assets/foundation/foundation.dropdown.self-dab213f1ddc805a7461a1768832f6399699dd2c87130b4cda9d49dbf67749e3f.js?body=1" for ::1 at 2015-06-22 16:51:14 -0400


Started GET "/assets/foundation/foundation.interchange.self-ef61c6af9edf0954e9db13d91fedb47fe753c9fa7dffc9fb53db6685d11bbc94.js?body=1" for ::1 at 2015-06-22 16:51:14 -0400


Started GET "/assets/foundation/foundation.joyride.self-be288b3f53d49bcb5d62da877f5cacda819e6563dad2756aa05fd457b4d679b1.js?body=1" for ::1 at 2015-06-22 16:51:14 -0400


Started GET "/assets/foundation/foundation.magellan.self-8b41cd13a988c713cda9ac7209ce925705c76377afbe9be10942a17afc9613fb.js?body=1" for ::1 at 2015-06-22 16:51:14 -0400


Started GET "/assets/foundation/foundation.offcanvas.self-f7b8844a82cd487d6dbcdf779eb58aad572e22aa24aab881172c6a5cc5fde916.js?body=1" for ::1 at 2015-06-22 16:51:14 -0400


Started GET "/assets/foundation/foundation.orbit.self-7111fa263c9b4d5e78bc6674d715d2e1432e01bf88b7d04ce601dfe11caf2308.js?body=1" for ::1 at 2015-06-22 16:51:14 -0400


Started GET "/assets/foundation/foundation.slider.self-ea1eb259c6a68133bef9b2e28e90d256da98b298db0543e6be48a05d1becb159.js?body=1" for ::1 at 2015-06-22 16:51:14 -0400


Started GET "/assets/foundation/foundation.reveal.self-5a0a77db519d1fd14aa53891c24b56f20ec106891cd5852abe73251119a1bdf8.js?body=1" for ::1 at 2015-06-22 16:51:14 -0400


Started GET "/assets/foundation/foundation.tab.self-99d1695338bf0f77c8bca710a4e23f6227be30085956df2e44507d86f67bd706.js?body=1" for ::1 at 2015-06-22 16:51:14 -0400


Started GET "/assets/foundation/foundation.tooltip.self-e9a45f7e9af1ed08e3e7ffb28f658dbda56fad542a974a5eceb1787d65f4c60f.js?body=1" for ::1 at 2015-06-22 16:51:14 -0400


Started GET "/assets/foundation/foundation.topbar.self-1de146a9316c7f1e124cecf68084b34bcc515c6284cb6e122fdc4e90b7fd3634.js?body=1" for ::1 at 2015-06-22 16:51:14 -0400


Started GET "/assets/foundation/foundation.equalizer.self-be715cb5824056a2e4295cdbffa2f902202ada977c9c5e62c967d4eafab345e7.js?body=1" for ::1 at 2015-06-22 16:51:14 -0400


Started GET "/assets/foundation.self-abe4ee7a105042f73b12b1f1a28788522d2f253445a475a94ab4d6e1f7b0ec52.js?body=1" for ::1 at 2015-06-22 16:51:14 -0400


Started GET "/assets/application.self-1509cb3433bf7f60a75710bd4d8561d25423676b3c4d4a21914940bf07b8869a.js?body=1" for ::1 at 2015-06-22 16:51:14 -0400


Started GET "/questions/3" for ::1 at 2015-06-22 16:51:24 -0400
Processing by QuestionsController#show as HTML
  Parameters: {"id"=>"3"}
  [1m[36mQuestion Load (0.5ms)[0m  [1mSELECT  "questions".* FROM "questions" WHERE "questions"."id" = $1 LIMIT 1[0m  [["id", 3]]
  Rendered questions/show.html.erb within layouts/application (0.6ms)
Completed 200 OK in 221ms (Views: 203.4ms | ActiveRecord: 2.7ms)


Started GET "/questions/2" for ::1 at 2015-06-22 16:51:31 -0400
Processing by QuestionsController#show as HTML
  Parameters: {"id"=>"2"}
  [1m[35mQuestion Load (0.4ms)[0m  SELECT  "questions".* FROM "questions" WHERE "questions"."id" = $1 LIMIT 1  [["id", 2]]
  Rendered questions/show.html.erb within layouts/application (0.2ms)
Completed 200 OK in 251ms (Views: 249.9ms | ActiveRecord: 0.4ms)


Started GET "/questions/2" for ::1 at 2015-06-22 17:29:15 -0400
Processing by QuestionsController#show as HTML
  Parameters: {"id"=>"2"}
  [1m[36mQuestion Load (0.6ms)[0m  [1mSELECT  "questions".* FROM "questions" WHERE "questions"."id" = $1 LIMIT 1[0m  [["id", 2]]
  Rendered questions/show.html.erb within layouts/application (1.0ms)
Completed 200 OK in 252ms (Views: 211.2ms | ActiveRecord: 9.7ms)


Started GET "/assets/foundation_and_overrides.self-abc4def05cdfd072a864560f7d30abb82168baf19224baeb8e17ecec829be2d8.css?body=1" for ::1 at 2015-06-22 17:29:15 -0400


Started GET "/assets/jquery_ujs.self-ca5248a2fad13d6bd58ea121318d642f195f0b2dd818b30615f785ff365e8d1f.js?body=1" for ::1 at 2015-06-22 17:29:15 -0400


Started GET "/assets/foundation/foundation.self-830ea1c8c77bc6df1ef936612b213ec314ab3f2c08b2fca37d12f27123599dcd.js?body=1" for ::1 at 2015-06-22 17:29:15 -0400


Started GET "/assets/jquery.self-d03a5518f45df77341bdbe6201ba3bfa547ebba8ed64f0ea56bfa5f96ea7c074.js?body=1" for ::1 at 2015-06-22 17:29:15 -0400


Started GET "/assets/foundation/foundation.abide.self-14d1119886db0d260f10114ae33f33ec1e76f09abb5eac77c7d392ca1ce27aaf.js?body=1" for ::1 at 2015-06-22 17:29:15 -0400


Started GET "/assets/application.self-167193cd81d9330d9ddb5c4ec7b44214fea529aa8a94f3a86e6526e4f652fc02.css?body=1" for ::1 at 2015-06-22 17:29:15 -0400


Started GET "/assets/foundation/foundation.alert.self-8e38bef2cbea3ec43e8de086ad0f73079662c3330d3eec2ace9029a5b8f6f4c2.js?body=1" for ::1 at 2015-06-22 17:29:15 -0400


Started GET "/assets/foundation/foundation.clearing.self-e68714c816093dc6b9e24ac9545c9795b610d6c8fe1613656e1fd57b577c4901.js?body=1" for ::1 at 2015-06-22 17:29:15 -0400


Started GET "/assets/foundation/foundation.dropdown.self-dab213f1ddc805a7461a1768832f6399699dd2c87130b4cda9d49dbf67749e3f.js?body=1" for ::1 at 2015-06-22 17:29:15 -0400


Started GET "/assets/foundation/foundation.interchange.self-ef61c6af9edf0954e9db13d91fedb47fe753c9fa7dffc9fb53db6685d11bbc94.js?body=1" for ::1 at 2015-06-22 17:29:15 -0400


Started GET "/assets/foundation/foundation.magellan.self-8b41cd13a988c713cda9ac7209ce925705c76377afbe9be10942a17afc9613fb.js?body=1" for ::1 at 2015-06-22 17:29:15 -0400


Started GET "/assets/foundation/foundation.joyride.self-be288b3f53d49bcb5d62da877f5cacda819e6563dad2756aa05fd457b4d679b1.js?body=1" for ::1 at 2015-06-22 17:29:15 -0400


Started GET "/assets/foundation/foundation.orbit.self-7111fa263c9b4d5e78bc6674d715d2e1432e01bf88b7d04ce601dfe11caf2308.js?body=1" for ::1 at 2015-06-22 17:29:15 -0400


Started GET "/assets/foundation/foundation.accordion.self-791df0f92b5f9733058e009aa29c58c3c88465c52b98ad3c2912dd27dc4b9572.js?body=1" for ::1 at 2015-06-22 17:29:15 -0400


Started GET "/assets/foundation/foundation.offcanvas.self-f7b8844a82cd487d6dbcdf779eb58aad572e22aa24aab881172c6a5cc5fde916.js?body=1" for ::1 at 2015-06-22 17:29:16 -0400


Started GET "/assets/foundation/foundation.reveal.self-5a0a77db519d1fd14aa53891c24b56f20ec106891cd5852abe73251119a1bdf8.js?body=1" for ::1 at 2015-06-22 17:29:16 -0400


Started GET "/assets/foundation/foundation.slider.self-ea1eb259c6a68133bef9b2e28e90d256da98b298db0543e6be48a05d1becb159.js?body=1" for ::1 at 2015-06-22 17:29:16 -0400


Started GET "/assets/foundation/foundation.tab.self-99d1695338bf0f77c8bca710a4e23f6227be30085956df2e44507d86f67bd706.js?body=1" for ::1 at 2015-06-22 17:29:16 -0400


Started GET "/assets/foundation/foundation.tooltip.self-e9a45f7e9af1ed08e3e7ffb28f658dbda56fad542a974a5eceb1787d65f4c60f.js?body=1" for ::1 at 2015-06-22 17:29:16 -0400


Started GET "/assets/foundation/foundation.equalizer.self-be715cb5824056a2e4295cdbffa2f902202ada977c9c5e62c967d4eafab345e7.js?body=1" for ::1 at 2015-06-22 17:29:16 -0400


Started GET "/assets/foundation/foundation.topbar.self-1de146a9316c7f1e124cecf68084b34bcc515c6284cb6e122fdc4e90b7fd3634.js?body=1" for ::1 at 2015-06-22 17:29:16 -0400


Started GET "/assets/foundation.self-abe4ee7a105042f73b12b1f1a28788522d2f253445a475a94ab4d6e1f7b0ec52.js?body=1" for ::1 at 2015-06-22 17:29:16 -0400


Started GET "/assets/application.self-1509cb3433bf7f60a75710bd4d8561d25423676b3c4d4a21914940bf07b8869a.js?body=1" for ::1 at 2015-06-22 17:29:16 -0400


Started GET "/" for ::1 at 2015-06-22 17:29:18 -0400
Processing by HomesController#index as HTML
  Rendered homes/index.html.erb within layouts/application (0.5ms)
Completed 200 OK in 131ms (Views: 130.7ms | ActiveRecord: 0.0ms)


Started GET "/questions" for ::1 at 2015-06-22 17:29:26 -0400
Processing by QuestionsController#index as HTML
  [1m[35mQuestion Load (0.7ms)[0m  SELECT "questions".* FROM "questions"
  Rendered questions/index.html.erb within layouts/application (0.2ms)
Completed 200 OK in 191ms (Views: 187.7ms | ActiveRecord: 0.7ms)


Started GET "/questions/3" for ::1 at 2015-06-22 17:29:28 -0400
Processing by QuestionsController#show as HTML
  Parameters: {"id"=>"3"}
  [1m[36mQuestion Load (1.2ms)[0m  [1mSELECT  "questions".* FROM "questions" WHERE "questions"."id" = $1 LIMIT 1[0m  [["id", 3]]
  Rendered questions/show.html.erb within layouts/application (0.2ms)
Completed 200 OK in 283ms (Views: 280.0ms | ActiveRecord: 1.2ms)


Started GET "/questions/2" for ::1 at 2015-06-22 17:29:31 -0400
Processing by QuestionsController#show as HTML
  Parameters: {"id"=>"2"}
  [1m[35mQuestion Load (0.7ms)[0m  SELECT  "questions".* FROM "questions" WHERE "questions"."id" = $1 LIMIT 1  [["id", 2]]
  Rendered questions/show.html.erb within layouts/application (0.2ms)
Completed 200 OK in 233ms (Views: 230.2ms | ActiveRecord: 0.7ms)


Started GET "/users/sign_in" for ::1 at 2015-06-22 17:34:41 -0400
Processing by Devise::SessionsController#new as HTML
  Rendered devise/shared/_links.html.erb (2.6ms)
  Rendered devise/sessions/new.html.erb within layouts/application (337.9ms)
Completed 200 OK in 561ms (Views: 501.0ms | ActiveRecord: 6.3ms)
